Watching for file changes with StatReloader
"GET / HTTP/1.1" 200 4624
Not Found: /favicon.ico
"GET /favicon.ico HTTP/1.1" 404 2438
Watching for file changes with StatReloader
Watching for file changes with StatReloader
"GET / HTTP/1.1" 200 4624
"GET /admin HTTP/1.1" 301 0
"GET /admin/ HTTP/1.1" 302 0
"GET /admin/login/?next=/admin/ HTTP/1.1" 200 4356
"GET /static/admin/css/responsive.css HTTP/1.1" 200 17905
"GET /static/admin/css/login.css HTTP/1.1" 200 958
"GET /static/admin/css/base.css HTTP/1.1" 200 21544
"GET /static/admin/css/nav_sidebar.css HTTP/1.1" 200 2810
"GET /static/admin/css/dark_mode.css HTTP/1.1" 200 2682
"GET /static/admin/js/theme.js HTTP/1.1" 200 1943
"GET /static/admin/js/nav_sidebar.js HTTP/1.1" 200 3063
Watching for file changes with StatReloader
"GET / HTTP/1.1" 200 4624
"GET /admin/ HTTP/1.1" 302 0
"GET /admin/login/?next=/admin/ HTTP/1.1" 200 4356
"POST /admin/login/?next=/admin/ HTTP/1.1" 302 0
"GET /admin/ HTTP/1.1" 200 5941
"GET /static/admin/css/dashboard.css HTTP/1.1" 200 441
"GET /static/admin/img/icon-changelink.svg HTTP/1.1" 200 380
"GET /static/admin/img/icon-addlink.svg HTTP/1.1" 200 331
"GET /admin/auth/user/add/ HTTP/1.1" 200 11235
"GET /static/admin/css/forms.css HTTP/1.1" 200 9090
"GET /static/admin/js/jquery.init.js HTTP/1.1" 200 347
"GET /static/admin/js/core.js HTTP/1.1" 200 6208
"GET /static/admin/css/widgets.css HTTP/1.1" 200 11800
"GET /static/admin/js/actions.js HTTP/1.1" 200 8067
"GET /static/admin/js/admin/RelatedObjectLookups.js HTTP/1.1" 200 9042
"GET /admin/jsi18n/ HTTP/1.1" 200 17546
"GET /static/admin/js/prepopulate_init.js HTTP/1.1" 200 586
"GET /static/admin/js/prepopulate.js HTTP/1.1" 200 1531
"GET /static/admin/js/urlify.js HTTP/1.1" 200 7887
"GET /static/admin/js/vendor/jquery/jquery.js HTTP/1.1" 200 285314
"GET /static/admin/js/change_form.js HTTP/1.1" 200 606
"GET /static/admin/js/vendor/xregexp/xregexp.js HTTP/1.1" 200 325171
"GET /admin/auth/group/add/ HTTP/1.1" 200 12337
"GET /admin/jsi18n/ HTTP/1.1" 200 17546
"GET /static/admin/js/SelectBox.js HTTP/1.1" 200 4530
"GET /static/admin/js/SelectFilter2.js HTTP/1.1" 200 15492
"GET /static/admin/img/search.svg HTTP/1.1" 200 458
"GET /static/admin/img/selector-icons.svg HTTP/1.1" 200 3291
"GET /static/admin/img/icon-unknown.svg HTTP/1.1" 200 655
"GET /static/admin/img/icon-unknown-alt.svg HTTP/1.1" 200 655
"GET /admin/auth/user/add/ HTTP/1.1" 200 11235
"GET /admin/ HTTP/1.1" 200 5941
C:\Users\trolw\PycharmProjects\pythonProject\market\mymarket\admin.py changed, reloading.
Watching for file changes with StatReloader
C:\Users\trolw\PycharmProjects\pythonProject\market\mymarket\admin.py changed, reloading.
Watching for file changes with StatReloader
Watching for file changes with StatReloader
"GET / HTTP/1.1" 200 4624
"GET /admin/ HTTP/1.1" 200 6627
"GET /static/admin/css/dark_mode.css HTTP/1.1" 304 0
"GET /static/admin/css/base.css HTTP/1.1" 304 0
"GET /static/admin/css/nav_sidebar.css HTTP/1.1" 304 0
"GET /static/admin/css/responsive.css HTTP/1.1" 304 0
"GET /static/admin/js/nav_sidebar.js HTTP/1.1" 304 0
"GET /static/admin/js/theme.js HTTP/1.1" 304 0
"GET /admin/mymarket/task/add/ HTTP/1.1" 200 9433
"GET /admin/jsi18n/ HTTP/1.1" 200 17546
"POST /admin/mymarket/task/add/ HTTP/1.1" 302 0
"GET /admin/mymarket/task/ HTTP/1.1" 200 9642
"GET /admin/jsi18n/ HTTP/1.1" 200 17546
"GET /static/admin/css/changelists.css HTTP/1.1" 200 6811
"GET /static/admin/js/filters.js HTTP/1.1" 200 978
"GET /static/admin/img/icon-yes.svg HTTP/1.1" 200 436
"GET /static/admin/img/tooltag-add.svg HTTP/1.1" 200 331
C:\Users\trolw\PycharmProjects\pythonProject\market\mymarket\models.py changed, reloading.
Watching for file changes with StatReloader
C:\Users\trolw\PycharmProjects\pythonProject\market\mymarket\models.py changed, reloading.
Watching for file changes with StatReloader
C:\Users\trolw\PycharmProjects\pythonProject\market\mymarket\models.py changed, reloading.
Watching for file changes with StatReloader
C:\Users\trolw\PycharmProjects\pythonProject\market\mymarket\models.py changed, reloading.
Watching for file changes with StatReloader
C:\Users\trolw\PycharmProjects\pythonProject\market\mymarket\models.py changed, reloading.
Watching for file changes with StatReloader
C:\Users\trolw\PycharmProjects\pythonProject\market\mymarket\models.py changed, reloading.
Watching for file changes with StatReloader
Watching for file changes with StatReloader
"GET / HTTP/1.1" 200 4624
"GET /admin/ HTTP/1.1" 200 7040
"GET /static/admin/css/base.css HTTP/1.1" 304 0
"GET /static/admin/css/dark_mode.css HTTP/1.1" 304 0
"GET /static/admin/css/nav_sidebar.css HTTP/1.1" 304 0
"GET /static/admin/css/dashboard.css HTTP/1.1" 304 0
"GET /static/admin/js/theme.js HTTP/1.1" 304 0
"GET /static/admin/css/responsive.css HTTP/1.1" 304 0
"GET /static/admin/js/nav_sidebar.js HTTP/1.1" 304 0
"GET /static/admin/img/icon-addlink.svg HTTP/1.1" 304 0
"GET /static/admin/img/icon-changelink.svg HTTP/1.1" 304 0
"GET /admin/mymarket/task/add/ HTTP/1.1" 200 9521
"GET /static/admin/css/forms.css HTTP/1.1" 304 0
"GET /static/admin/js/vendor/jquery/jquery.js HTTP/1.1" 304 0
"GET /static/admin/js/jquery.init.js HTTP/1.1" 304 0
"GET /static/admin/js/actions.js HTTP/1.1" 304 0
"GET /static/admin/js/core.js HTTP/1.1" 304 0
"GET /static/admin/js/urlify.js HTTP/1.1" 304 0
"GET /static/admin/js/admin/RelatedObjectLookups.js HTTP/1.1" 304 0
"GET /static/admin/js/prepopulate.js HTTP/1.1" 304 0
"GET /static/admin/js/vendor/xregexp/xregexp.js HTTP/1.1" 304 0
"GET /static/admin/js/prepopulate_init.js HTTP/1.1" 304 0
"GET /static/admin/css/widgets.css HTTP/1.1" 304 0
"GET /admin/jsi18n/ HTTP/1.1" 200 17546
"GET /static/admin/js/change_form.js HTTP/1.1" 304 0
"POST /admin/mymarket/task/add/ HTTP/1.1" 200 9824
"GET /admin/jsi18n/ HTTP/1.1" 200 17546
"GET /admin/mymarket/task/ HTTP/1.1" 200 9579
"GET /static/admin/css/base.css HTTP/1.1" 304 0
"GET /static/admin/css/dark_mode.css HTTP/1.1" 304 0
"GET /static/admin/css/nav_sidebar.css HTTP/1.1" 304 0
"GET /static/admin/css/changelists.css HTTP/1.1" 304 0
"GET /static/admin/js/jquery.init.js HTTP/1.1" 304 0
"GET /static/admin/css/responsive.css HTTP/1.1" 304 0
"GET /static/admin/js/core.js HTTP/1.1" 304 0
"GET /static/admin/js/vendor/jquery/jquery.js HTTP/1.1" 304 0
"GET /static/admin/js/admin/RelatedObjectLookups.js HTTP/1.1" 304 0
"GET /static/admin/js/actions.js HTTP/1.1" 304 0
"GET /static/admin/js/prepopulate.js HTTP/1.1" 304 0
"GET /static/admin/js/urlify.js HTTP/1.1" 304 0
"GET /static/admin/js/vendor/xregexp/xregexp.js HTTP/1.1" 304 0
"GET /admin/jsi18n/ HTTP/1.1" 200 17546
"GET /static/admin/js/theme.js HTTP/1.1" 304 0
"GET /static/admin/js/nav_sidebar.js HTTP/1.1" 304 0
"GET /static/admin/js/filters.js HTTP/1.1" 304 0
"GET /static/admin/img/icon-addlink.svg HTTP/1.1" 304 0
"GET /static/admin/img/tooltag-add.svg HTTP/1.1" 304 0
"GET / HTTP/1.1" 200 4624
Watching for file changes with StatReloader
"GET / HTTP/1.1" 200 4633
Not Found: /about.html
"GET /about.html HTTP/1.1" 404 2435
Watching for file changes with StatReloader
"GET / HTTP/1.1" 200 4633
Not Found: /index.html
"GET /index.html HTTP/1.1" 404 2435
Watching for file changes with StatReloader
"GET / HTTP/1.1" 200 4633
Not Found: /about.html
"GET /about.html HTTP/1.1" 404 2435
C:\Users\trolw\PycharmProjects\pythonProject\market\mymarket\views.py changed, reloading.
Watching for file changes with StatReloader
C:\Users\trolw\PycharmProjects\pythonProject\market\mymarket\urls.py changed, reloading.
Watching for file changes with StatReloader
C:\Users\trolw\PycharmProjects\pythonProject\market\mymarket\urls.py changed, reloading.
Watching for file changes with StatReloader
"GET / HTTP/1.1" 200 4633
Not Found: /about.html
"GET /about.html HTTP/1.1" 404 2642
"GET / HTTP/1.1" 200 4633
Not Found: /about.html
"GET /about.html HTTP/1.1" 404 2642
Watching for file changes with StatReloader
"GET / HTTP/1.1" 200 4644
Not Found: /account.html
"GET /account.html HTTP/1.1" 404 2648
